Start testing: Jun 21 23:08 EDT
----------------------------------------------------------
1/1 Testing: checkRomanNum
1/1 Test: checkRomanNum
Command: "/home/akumavat/Desktop/Ford/romanNumeralCalc/tests/checkRomanNum"
Directory: /home/akumavat/Desktop/Ford/romanNumeralCalc
"checkRomanNum" start time: Jun 21 23:08 EDT
Output:
----------------------------------------------------------
Running suite(s): RomanNumeralCalc
50%: Checks: 2, Failures: 1, Errors: 0
/home/akumavat/Desktop/Ford/romanNumeralCalc/tests/checkRomanNum.c:9:P:Core:test_nothing:0: Passed
/home/akumavat/Desktop/Ford/romanNumeralCalc/tests/checkRomanNum.c:18:F:Core:test_singleRomanToInt:0: Assertion 'singleRomanToInt('X') == 20' failed: singleRomanToInt('X') == 10, 20 == 20
<end of output>
Test time =   0.00 sec
----------------------------------------------------------
Test Failed.
"checkRomanNum" end time: Jun 21 23:08 EDT
"checkRomanNum" time elapsed: 00:00:00
----------------------------------------------------------

End testing: Jun 21 23:08 EDT
